<?xml version="1.0" encoding="UTF-8"?>
<testng-results ignored="0" total="1" passed="1" failed="0" skipped="0">
  <reporter-output>
  </reporter-output>
  <suite started-at="2022-10-19T12:10:47 IST" name="Default suite" finished-at="2022-10-19T12:11:27 IST" duration-ms="40569">
    <groups>
    </groups>
    <test started-at="2022-10-19T12:10:47 IST" name="Default test" finished-at="2022-10-19T12:11:27 IST" duration-ms="40569">
      <class name="com.Mobile.MyApp.HorizontalScrool">
        <test-method signature="scroolDemo()[pri:0, instance:com.Mobile.MyApp.HorizontalScrool@33990a0c]" started-at="2022-10-19T12:10:47 IST" name="scroolDemo" finished-at="2022-10-19T12:11:27 IST" duration-ms="40517" status="PASS">
          <reporter-output>
          </reporter-output>
        </test-method> <!-- scroolDemo -->
      </class> <!-- com.Mobile.MyApp.HorizontalScrool -->
    </test> <!-- Default test -->
  </suite> <!-- Default suite -->
</testng-results>
